<?xml version="1.0" encoding="UTF-8"?>
<testsuite xmlns:xsi="http://www.w3.org/2001/XMLSchema-instance" xsi:noNamespaceSchemaLocation="https://maven.apache.org/surefire/maven-surefire-plugin/xsd/surefire-test-report.xsd" name="ApiTests.User.ChangeAuthUserTests" time="3.242" tests="6" errors="0" skipped="0" failures="0">
  <properties>
[...]
</properties>
  <testcase name="updateUserData[Test for user: user1@example.com]" classname="ApiTests.User.ChangeAuthUserTests" time="0.48"/>
  <testcase name="updateUserData[Test for user: user2@example.com]" classname="ApiTests.User.ChangeAuthUserTests" time="0.577"/>
  <testcase name="updateUserData[Test for user: user3@example.com]" classname="ApiTests.User.ChangeAuthUserTests" time="0.729"/>
  <testcase name="updateUserData[Test for user: user4@example.com]" classname="ApiTests.User.ChangeAuthUserTests" time="0.475"/>
  <testcase name="updateUserData[Test for user: user5@example.com]" classname="ApiTests.User.ChangeAuthUserTests" time="0.481"/>
  <testcase name="updateUserData[Test for user: user6@example.com]" classname="ApiTests.User.ChangeAuthUserTests" time="0.489"/>
</testsuite>